<?xml version="1.0" encoding="UTF-8"?>
<testsuite name="com.dvc.microservices.core.review.ReviewServiceApplicationTests" tests="1" skipped="0" failures="0" errors="0" timestamp="2020-10-15T18:26:21" hostname="VENKATs-MacBook-Pro.local" time="0.394">
  <properties/>
  <testcase name="contextLoads()" classname="com.dvc.microservices.core.review.ReviewServiceApplicationTests" time="0.394"/>
  <system-out><![CDATA[14:26:14.676 [Test worker] DEBUG org.springframework.test.context.BootstrapUtils - Instantiating CacheAwareContextLoaderDelegate from class [org.springframework.test.context.cache.DefaultCacheAwareContextLoaderDelegate]
14:26:14.689 [Test worker] DEBUG org.springframework.test.context.BootstrapUtils - Instantiating BootstrapContext using constructor [public org.springframework.test.context.support.DefaultBootstrapContext(java.lang.Class,org.springframework.test.context.CacheAwareContextLoaderDelegate)]
14:26:14.714 [Test worker] DEBUG org.springframework.test.context.BootstrapUtils - Instantiating TestContextBootstrapper for test class [com.dvc.microservices.core.review.ReviewServiceApplicationTests] from class [org.springframework.boot.test.context.SpringBootTestContextBootstrapper]
14:26:14.732 [Test worker] INFO org.springframework.boot.test.context.SpringBootTestContextBootstrapper - Neither @ContextConfiguration nor @ContextHierarchy found for test class [com.dvc.microservices.core.review.ReviewServiceApplicationTests], using SpringBootContextLoader
14:26:14.735 [Test worker] DEBUG org.springframework.test.context.support.AbstractContextLoader - Did not detect default resource location for test class [com.dvc.microservices.core.review.ReviewServiceApplicationTests]: class path resource [com/dvc/microservices/core/review/ReviewServiceApplicationTests-context.xml] does not exist
14:26:14.736 [Test worker] DEBUG org.springframework.test.context.support.AbstractContextLoader - Did not detect default resource location for test class [com.dvc.microservices.core.review.ReviewServiceApplicationTests]: class path resource [com/dvc/microservices/core/review/ReviewServiceApplicationTestsContext.groovy] does not exist
14:26:14.736 [Test worker] INFO org.springframework.test.context.support.AbstractContextLoader - Could not detect default resource locations for test class [com.dvc.microservices.core.review.ReviewServiceApplicationTests]: no resource found for suffixes {-context.xml, Context.groovy}.
14:26:14.737 [Test worker] INFO org.springframework.test.context.support.AnnotationConfigContextLoaderUtils - Could not detect default configuration classes for test class [com.dvc.microservices.core.review.ReviewServiceApplicationTests]: ReviewServiceApplicationTests does not declare any static, non-private, non-final, nested classes annotated with @Configuration.
14:26:14.773 [Test worker] DEBUG org.springframework.test.context.support.ActiveProfilesUtils - Could not find an 'annotation declaring class' for annotation type [org.springframework.test.context.ActiveProfiles] and class [com.dvc.microservices.core.review.ReviewServiceApplicationTests]
14:26:14.823 [Test worker] DEBUG org.springframework.context.annotation.ClassPathScanningCandidateComponentProvider - Identified candidate component class: file [/Users/venkatdhulipalli/devprogs/Hands-On-Microservices-Spring-Boot-Cloud/microservices/review-service/build/classes/java/main/com/dvc/microservices/core/review/ReviewServiceApplication.class]
14:26:14.825 [Test worker] INFO org.springframework.boot.test.context.SpringBootTestContextBootstrapper - Found @SpringBootConfiguration com.dvc.microservices.core.review.ReviewServiceApplication for test class com.dvc.microservices.core.review.ReviewServiceApplicationTests
14:26:14.900 [Test worker] DEBUG org.springframework.boot.test.context.SpringBootTestContextBootstrapper - @TestExecutionListeners is not present for class [com.dvc.microservices.core.review.ReviewServiceApplicationTests]: using defaults.
14:26:14.901 [Test worker] INFO org.springframework.boot.test.context.SpringBootTestContextBootstrapper - Loaded default TestExecutionListener class names from location [META-INF/spring.factories]: [org.springframework.boot.test.autoconfigure.restdocs.RestDocsTestExecutionListener, org.springframework.boot.test.autoconfigure.web.client.MockRestServiceServerResetTestExecutionListener, org.springframework.boot.test.autoconfigure.web.servlet.MockMvcPrintOnlyOnFailureTestExecutionListener, org.springframework.boot.test.autoconfigure.web.servlet.WebDriverTestExecutionListener, org.springframework.boot.test.autoconfigure.webservices.client.MockWebServiceServerTestExecutionListener, org.springframework.boot.test.mock.mockito.MockitoTestExecutionListener, org.springframework.boot.test.mock.mockito.ResetMocksTestExecutionListener, org.springframework.test.context.web.ServletTestExecutionListener, org.springframework.test.context.support.DirtiesContextBeforeModesTestExecutionListener, org.springframework.test.context.support.DependencyInjectionTestExecutionListener, org.springframework.test.context.support.DirtiesContextTestExecutionListener, org.springframework.test.context.transaction.TransactionalTestExecutionListener, org.springframework.test.context.jdbc.SqlScriptsTestExecutionListener, org.springframework.test.context.event.EventPublishingTestExecutionListener]
14:26:14.910 [Test worker] DEBUG org.springframework.boot.test.context.SpringBootTestContextBootstrapper - Skipping candidate TestExecutionListener [org.springframework.test.context.web.ServletTestExecutionListener] due to a missing dependency. Specify custom listener classes or make the default listener classes and their required dependencies available. Offending class: [javax/servlet/ServletContext]
14:26:14.911 [Test worker] DEBUG org.springframework.boot.test.context.SpringBootTestContextBootstrapper - Skipping candidate TestExecutionListener [org.springframework.test.context.transaction.TransactionalTestExecutionListener] due to a missing dependency. Specify custom listener classes or make the default listener classes and their required dependencies available. Offending class: [org/springframework/transaction/interceptor/TransactionAttributeSource]
14:26:14.912 [Test worker] DEBUG org.springframework.boot.test.context.SpringBootTestContextBootstrapper - Skipping candidate TestExecutionListener [org.springframework.test.context.jdbc.SqlScriptsTestExecutionListener] due to a missing dependency. Specify custom listener classes or make the default listener classes and their required dependencies available. Offending class: [org/springframework/transaction/interceptor/TransactionAttribute]
14:26:14.912 [Test worker] INFO org.springframework.boot.test.context.SpringBootTestContextBootstrapper - Using TestExecutionListeners: [org.springframework.test.context.support.DirtiesContextBeforeModesTestExecutionListener@1ec83eba, org.springframework.boot.test.mock.mockito.MockitoTestExecutionListener@4f41e214, org.springframework.boot.test.autoconfigure.SpringBootDependencyInjectionTestExecutionListener@4b78496, org.springframework.test.context.support.DirtiesContextTestExecutionListener@729bef57, org.springframework.test.context.event.EventPublishingTestExecutionListener@2d793250, org.springframework.boot.test.autoconfigure.restdocs.RestDocsTestExecutionListener@6d6834a9, org.springframework.boot.test.autoconfigure.web.client.MockRestServiceServerResetTestExecutionListener@55438ea6, org.springframework.boot.test.autoconfigure.web.servlet.MockMvcPrintOnlyOnFailureTestExecutionListener@780f320e, org.springframework.boot.test.autoconfigure.web.servlet.WebDriverTestExecutionListener@1c8074ed, org.springframework.boot.test.autoconfigure.webservices.client.MockWebServiceServerTestExecutionListener@30e1d6a8, org.springframework.boot.test.mock.mockito.ResetMocksTestExecutionListener@799e58ac]
14:26:14.915 [Test worker] DEBUG org.springframework.test.context.support.AbstractDirtiesContextTestExecutionListener - Before test class: context [DefaultTestContext@2f8144ee testClass = ReviewServiceApplicationTests, testInstance = [null], testMethod = [null], testException = [null], mergedContextConfiguration = [ReactiveWebMergedContextConfiguration@28c95402 testClass = ReviewServiceApplicationTests, locations = '{}', classes = '{class com.dvc.microservices.core.review.ReviewServiceApplication}', contextInitializerClasses = '[]', activeProfiles = '{}', propertySourceLocations = '{}', propertySourceProperties = '{org.springframework.boot.test.context.SpringBootTestContextBootstrapper=true}', contextCustomizers = set[org.springframework.boot.test.autoconfigure.properties.PropertyMappingContextCustomizer@0, org.springframework.boot.test.autoconfigure.web.servlet.WebDriverContextCustomizerFactory$Customizer@52e45562, org.springframework.boot.test.context.filter.ExcludeFilterContextCustomizer@28421f9, org.springframework.boot.test.json.DuplicateJsonObjectContextCustomizerFactory$DuplicateJsonObjectContextCustomizer@67d5ef9f, org.springframework.boot.test.mock.mockito.MockitoContextCustomizer@0, org.springframework.boot.test.web.client.TestRestTemplateContextCustomizer@55f3eceb, org.springframework.boot.test.web.reactive.server.WebTestClientContextCustomizer@3553c993, org.springframework.boot.test.context.SpringBootTestArgs@1], contextLoader = 'org.springframework.boot.test.context.SpringBootContextLoader', parent = [null]], attributes = map[[empty]]], class annotated with @DirtiesContext [false] with mode [null].
14:26:14.926 [Test worker] DEBUG org.springframework.test.context.support.DependencyInjectionTestExecutionListener - Performing dependency injection for test context [[DefaultTestContext@2f8144ee testClass = ReviewServiceApplicationTests, testInstance = com.dvc.microservices.core.review.ReviewServiceApplicationTests@261888a, testMethod = [null], testException = [null], mergedContextConfiguration = [ReactiveWebMergedContextConfiguration@28c95402 testClass = ReviewServiceApplicationTests, locations = '{}', classes = '{class com.dvc.microservices.core.review.ReviewServiceApplication}', contextInitializerClasses = '[]', activeProfiles = '{}', propertySourceLocations = '{}', propertySourceProperties = '{org.springframework.boot.test.context.SpringBootTestContextBootstrapper=true}', contextCustomizers = set[org.springframework.boot.test.autoconfigure.properties.PropertyMappingContextCustomizer@0, org.springframework.boot.test.autoconfigure.web.servlet.WebDriverContextCustomizerFactory$Customizer@52e45562, org.springframework.boot.test.context.filter.ExcludeFilterContextCustomizer@28421f9, org.springframework.boot.test.json.DuplicateJsonObjectContextCustomizerFactory$DuplicateJsonObjectContextCustomizer@67d5ef9f, org.springframework.boot.test.mock.mockito.MockitoContextCustomizer@0, org.springframework.boot.test.web.client.TestRestTemplateContextCustomizer@55f3eceb, org.springframework.boot.test.web.reactive.server.WebTestClientContextCustomizer@3553c993, org.springframework.boot.test.context.SpringBootTestArgs@1], contextLoader = 'org.springframework.boot.test.context.SpringBootContextLoader', parent = [null]], attributes = map[[empty]]]].
14:26:14.944 [Test worker] DEBUG org.springframework.test.context.support.TestPropertySourceUtils - Adding inlined properties to environment: {spring.jmx.enabled=false, org.springframework.boot.test.context.SpringBootTestContextBootstrapper=true}

  .   ____          _            __ _ _
 /\\ / ___'_ __ _ _(_)_ __  __ _ \ \ \ \
( ( )\___ | '_ | '_| | '_ \/ _` | \ \ \ \
 \\/  ___)| |_)| | | | | || (_| |  ) ) ) )
  '  |____| .__|_| |_|_| |_\__, | / / / /
 =========|_|==============|___/=/_/_/_/
 :: Spring Boot ::        (v2.3.4.RELEASE)

2020-10-15 14:26:20.158  INFO 62624 --- [    Test worker] c.d.m.c.r.ReviewServiceApplicationTests  : Starting ReviewServiceApplicationTests on VENKATs-MacBook-Pro.local with PID 62624 (started by venkatdhulipalli in /Users/venkatdhulipalli/devprogs/Hands-On-Microservices-Spring-Boot-Cloud/microservices/review-service)
2020-10-15 14:26:20.159 DEBUG 62624 --- [    Test worker] c.d.m.c.r.ReviewServiceApplicationTests  : Running with Spring Boot v2.3.4.RELEASE, Spring v5.2.9.RELEASE
2020-10-15 14:26:20.159  INFO 62624 --- [    Test worker] c.d.m.c.r.ReviewServiceApplicationTests  : No active profile set, falling back to default profiles: default
2020-10-15 14:26:21.295  INFO 62624 --- [    Test worker] o.s.b.a.e.web.EndpointLinksResolver      : Exposing 2 endpoint(s) beneath base path '/actuator'
2020-10-15 14:26:21.614  INFO 62624 --- [    Test worker] c.d.m.c.r.ReviewServiceApplicationTests  : Started ReviewServiceApplicationTests in 6.663 seconds (JVM running for 7.66)
]]></system-out>
  <system-err><![CDATA[]]></system-err>
</testsuite>
